<?xml version="1.0" encoding="UTF-8"?>
<testng-results ignored="0" total="4" passed="4" failed="0" skipped="0">
  <reporter-output>
  </reporter-output>
  <suite started-at="2024-12-08T13:41:28 IST" name="PetSuite" finished-at="2024-12-08T13:41:35 IST" duration-ms="7838">
    <groups>
    </groups>
    <test started-at="2024-12-08T13:41:28 IST" name="PetTests" finished-at="2024-12-08T13:41:35 IST" duration-ms="7838">
      <class name="api.test.UserTest2">
        <test-method is-config="true" signature="setup()[pri:0, instance:api.test.UserTest2@ef9296d]" started-at="2024-12-08T13:41:28 IST" name="setup" finished-at="2024-12-08T13:41:28 IST" duration-ms="167" status="PASS">
          <reporter-output>
          </reporter-output>
        </test-method> <!-- setup -->
        <test-method signature="testPostUser()[pri:1, instance:api.test.UserTest2@ef9296d]" started-at="2024-12-08T13:41:28 IST" name="testPostUser" finished-at="2024-12-08T13:41:31 IST" duration-ms="2937" status="PASS">
          <reporter-output>
          </reporter-output>
        </test-method> <!-- testPostUser -->
        <test-method signature="testGetUser()[pri:2, instance:api.test.UserTest2@ef9296d]" started-at="2024-12-08T13:41:31 IST" name="testGetUser" finished-at="2024-12-08T13:41:32 IST" duration-ms="1142" status="PASS">
          <reporter-output>
          </reporter-output>
        </test-method> <!-- testGetUser -->
        <test-method signature="testUpdateUserByName()[pri:3, instance:api.test.UserTest2@ef9296d]" started-at="2024-12-08T13:41:32 IST" name="testUpdateUserByName" finished-at="2024-12-08T13:41:34 IST" duration-ms="2273" status="PASS">
          <reporter-output>
          </reporter-output>
        </test-method> <!-- testUpdateUserByName -->
        <test-method signature="testDeleteUser()[pri:4, instance:api.test.UserTest2@ef9296d]" started-at="2024-12-08T13:41:34 IST" name="testDeleteUser" finished-at="2024-12-08T13:41:35 IST" duration-ms="1116" status="PASS">
          <reporter-output>
          </reporter-output>
        </test-method> <!-- testDeleteUser -->
      </class> <!-- api.test.UserTest2 -->
    </test> <!-- PetTests -->
  </suite> <!-- PetSuite -->
</testng-results>
