<?xml version="1.0" encoding="UTF-8"?>
<!-- Generated by org.testng.reporters.JUnitXMLReporter -->
<testsuite ignored="0" hostname="DESKTOP-9LF77UV" failures="0" tests="4" name="PetTests" time="7.838" errors="0" timestamp="2024-12-08T13:41:36 IST">
  <testcase classname="api.test.UserTest2" name="testPostUser" time="2.937"/>
  <testcase classname="api.test.UserTest2" name="testGetUser" time="1.142"/>
  <testcase classname="api.test.UserTest2" name="testUpdateUserByName" time="2.273"/>
  <testcase classname="api.test.UserTest2" name="testDeleteUser" time="1.116"/>
</testsuite> <!-- PetTests -->
